<?xml version="1.0" encoding="UTF-8"?>
<testsuite name="com.project.web4.WapWeb4ApplicationTests" tests="1" skipped="0" failures="0" errors="0" timestamp="2022-10-11T13:39:15" hostname="ONIQUE" time="0.165">
  <properties/>
  <testcase name="contextLoads()" classname="com.project.web4.WapWeb4ApplicationTests" time="0.165"/>
  <system-out><![CDATA[22:39:07.564 [Test worker] DEBUG org.springframework.test.context.BootstrapUtils - Instantiating CacheAwareContextLoaderDelegate from class [org.springframework.test.context.cache.DefaultCacheAwareContextLoaderDelegate]
22:39:07.599 [Test worker] DEBUG org.springframework.test.context.BootstrapUtils - Instantiating BootstrapContext using constructor [public org.springframework.test.context.support.DefaultBootstrapContext(java.lang.Class,org.springframework.test.context.CacheAwareContextLoaderDelegate)]
22:39:07.667 [Test worker] DEBUG org.springframework.test.context.BootstrapUtils - Instantiating TestContextBootstrapper for test class [com.project.web4.WapWeb4ApplicationTests] from class [org.springframework.boot.test.context.SpringBootTestContextBootstrapper]
22:39:07.688 [Test worker] INFO org.springframework.boot.test.context.SpringBootTestContextBootstrapper - Neither @ContextConfiguration nor @ContextHierarchy found for test class [com.project.web4.WapWeb4ApplicationTests], using SpringBootContextLoader
22:39:07.696 [Test worker] DEBUG org.springframework.test.context.support.AbstractContextLoader - Did not detect default resource location for test class [com.project.web4.WapWeb4ApplicationTests]: class path resource [com/project/web4/WapWeb4ApplicationTests-context.xml] does not exist
22:39:07.697 [Test worker] DEBUG org.springframework.test.context.support.AbstractContextLoader - Did not detect default resource location for test class [com.project.web4.WapWeb4ApplicationTests]: class path resource [com/project/web4/WapWeb4ApplicationTestsContext.groovy] does not exist
22:39:07.697 [Test worker] INFO org.springframework.test.context.support.AbstractContextLoader - Could not detect default resource locations for test class [com.project.web4.WapWeb4ApplicationTests]: no resource found for suffixes {-context.xml, Context.groovy}.
22:39:07.698 [Test worker] INFO org.springframework.test.context.support.AnnotationConfigContextLoaderUtils - Could not detect default configuration classes for test class [com.project.web4.WapWeb4ApplicationTests]: WapWeb4ApplicationTests does not declare any static, non-private, non-final, nested classes annotated with @Configuration.
22:39:07.770 [Test worker] DEBUG org.springframework.test.context.support.ActiveProfilesUtils - Could not find an 'annotation declaring class' for annotation type [org.springframework.test.context.ActiveProfiles] and class [com.project.web4.WapWeb4ApplicationTests]
22:39:07.861 [Test worker] DEBUG org.springframework.context.annotation.ClassPathScanningCandidateComponentProvider - Identified candidate component class: file [C:\Users\Onique\Desktop\File\Workspace\Project\WAP_WEB4\build\classes\java\main\com\project\web4\WapWeb4Application.class]
22:39:07.863 [Test worker] INFO org.springframework.boot.test.context.SpringBootTestContextBootstrapper - Found @SpringBootConfiguration com.project.web4.WapWeb4Application for test class com.project.web4.WapWeb4ApplicationTests
22:39:08.032 [Test worker] DEBUG org.springframework.boot.test.context.SpringBootTestContextBootstrapper - @TestExecutionListeners is not present for class [com.project.web4.WapWeb4ApplicationTests]: using defaults.
22:39:08.033 [Test worker] INFO org.springframework.boot.test.context.SpringBootTestContextBootstrapper - Loaded default TestExecutionListener class names from location [META-INF/spring.factories]: [org.springframework.boot.test.autoconfigure.restdocs.RestDocsTestExecutionListener, org.springframework.boot.test.autoconfigure.web.client.MockRestServiceServerResetTestExecutionListener, org.springframework.boot.test.autoconfigure.web.servlet.MockMvcPrintOnlyOnFailureTestExecutionListener, org.springframework.boot.test.autoconfigure.web.servlet.WebDriverTestExecutionListener, org.springframework.boot.test.autoconfigure.webservices.client.MockWebServiceServerTestExecutionListener, org.springframework.boot.test.mock.mockito.MockitoTestExecutionListener, org.springframework.boot.test.mock.mockito.ResetMocksTestExecutionListener, org.springframework.test.context.web.ServletTestExecutionListener, org.springframework.test.context.support.DirtiesContextBeforeModesTestExecutionListener, org.springframework.test.context.event.ApplicationEventsTestExecutionListener, org.springframework.test.context.support.DependencyInjectionTestExecutionListener, org.springframework.test.context.support.DirtiesContextTestExecutionListener, org.springframework.test.context.transaction.TransactionalTestExecutionListener, org.springframework.test.context.jdbc.SqlScriptsTestExecutionListener, org.springframework.test.context.event.EventPublishingTestExecutionListener]
22:39:08.093 [Test worker] INFO org.springframework.boot.test.context.SpringBootTestContextBootstrapper - Using TestExecutionListeners: [org.springframework.test.context.web.ServletTestExecutionListener@160c3ec1, org.springframework.test.context.support.DirtiesContextBeforeModesTestExecutionListener@182b435b, org.springframework.test.context.event.ApplicationEventsTestExecutionListener@4d0402b, org.springframework.boot.test.mock.mockito.MockitoTestExecutionListener@2fa7ae9, org.springframework.boot.test.autoconfigure.SpringBootDependencyInjectionTestExecutionListener@7577b641, org.springframework.test.context.support.DirtiesContextTestExecutionListener@3704122f, org.springframework.test.context.transaction.TransactionalTestExecutionListener@3153ddfc, org.springframework.test.context.jdbc.SqlScriptsTestExecutionListener@60afd40d, org.springframework.test.context.event.EventPublishingTestExecutionListener@28a2a3e7, org.springframework.boot.test.autoconfigure.restdocs.RestDocsTestExecutionListener@3f2049b6, org.springframework.boot.test.autoconfigure.web.client.MockRestServiceServerResetTestExecutionListener@10b3df93, org.springframework.boot.test.autoconfigure.web.servlet.MockMvcPrintOnlyOnFailureTestExecutionListener@ea27e34, org.springframework.boot.test.autoconfigure.web.servlet.WebDriverTestExecutionListener@33a2499c, org.springframework.boot.test.autoconfigure.webservices.client.MockWebServiceServerTestExecutionListener@e72dba7, org.springframework.boot.test.mock.mockito.ResetMocksTestExecutionListener@33c2bd]
22:39:08.104 [Test worker] DEBUG org.springframework.test.context.support.AbstractDirtiesContextTestExecutionListener - Before test class: context [DefaultTestContext@42deb43a testClass = WapWeb4ApplicationTests, testInstance = [null], testMethod = [null], testException = [null], mergedContextConfiguration = [WebMergedContextConfiguration@1deb2c43 testClass = WapWeb4ApplicationTests, locations = '{}', classes = '{class com.project.web4.WapWeb4Application}', contextInitializerClasses = '[]', activeProfiles = '{}', propertySourceLocations = '{}', propertySourceProperties = '{org.springframework.boot.test.context.SpringBootTestContextBootstrapper=true}', contextCustomizers = set[org.springframework.boot.test.autoconfigure.actuate.metrics.MetricsExportContextCustomizerFactory$DisableMetricExportContextCustomizer@201b6b6f, org.springframework.boot.test.autoconfigure.properties.PropertyMappingContextCustomizer@0, org.springframework.boot.test.autoconfigure.web.servlet.WebDriverContextCustomizerFactory$Customizer@18230356, org.springframework.boot.test.context.filter.ExcludeFilterContextCustomizer@60d1a32f, org.springframework.boot.test.json.DuplicateJsonObjectContextCustomizerFactory$DuplicateJsonObjectContextCustomizer@40c80397, org.springframework.boot.test.mock.mockito.MockitoContextCustomizer@0, org.springframework.boot.test.web.client.TestRestTemplateContextCustomizer@47db5fa5, org.springframework.boot.test.context.SpringBootTestArgs@1, org.springframework.boot.test.context.SpringBootTestWebEnvironment@31edaa7d], resourceBasePath = 'src/main/webapp', contextLoader = 'org.springframework.boot.test.context.SpringBootContextLoader', parent = [null]], attributes = map['org.springframework.test.context.web.ServletTestExecutionListener.activateListener' -> true]], class annotated with @DirtiesContext [false] with mode [null].

  .   ____          _            __ _ _
 /\\ / ___'_ __ _ _(_)_ __  __ _ \ \ \ \
( ( )\___ | '_ | '_| | '_ \/ _` | \ \ \ \
 \\/  ___)| |_)| | | | | || (_| |  ) ) ) )
  '  |____| .__|_| |_|_| |_\__, | / / / /
 =========|_|==============|___/=/_/_/_/
 :: Spring Boot ::                (v2.7.4)

2022-10-11 22:39:08.671  INFO 11436 --- [    Test worker] c.project.web4.WapWeb4ApplicationTests   : Starting WapWeb4ApplicationTests using Java 11.0.16.1 on Onique with PID 11436 (started by Onique in C:\Users\Onique\Desktop\File\Workspace\Project\WAP_WEB4)
2022-10-11 22:39:08.673  INFO 11436 --- [    Test worker] c.project.web4.WapWeb4ApplicationTests   : No active profile set, falling back to 1 default profile: "default"
2022-10-11 22:39:10.092  INFO 11436 --- [    Test worker] .s.d.r.c.RepositoryConfigurationDelegate : Bootstrapping Spring Data JPA repositories in DEFAULT mode.
2022-10-11 22:39:10.194  INFO 11436 --- [    Test worker] .s.d.r.c.RepositoryConfigurationDelegate : Finished Spring Data repository scanning in 91 ms. Found 1 JPA repository interfaces.
2022-10-11 22:39:11.139  INFO 11436 --- [    Test worker] o.hibernate.jpa.internal.util.LogHelper  : HHH000204: Processing PersistenceUnitInfo [name: default]
2022-10-11 22:39:11.222  INFO 11436 --- [    Test worker] org.hibernate.Version                    : HHH000412: Hibernate ORM core version 5.6.11.Final
2022-10-11 22:39:11.526  INFO 11436 --- [    Test worker] o.hibernate.annotations.common.Version   : HCANN000001: Hibernate Commons Annotations {5.1.2.Final}
2022-10-11 22:39:11.707  INFO 11436 --- [    Test worker] com.zaxxer.hikari.HikariDataSource       : HikariPool-1 - Starting...
2022-10-11 22:39:11.837  INFO 11436 --- [    Test worker] com.zaxxer.hikari.HikariDataSource       : HikariPool-1 - Start completed.
2022-10-11 22:39:11.888  INFO 11436 --- [    Test worker] org.hibernate.dialect.Dialect            : HHH000400: Using dialect: org.hibernate.dialect.H2Dialect
2022-10-11 22:39:12.750  INFO 11436 --- [    Test worker] o.h.e.t.j.p.i.JtaPlatformInitiator       : HHH000490: Using JtaPlatform implementation: [org.hibernate.engine.transaction.jta.platform.internal.NoJtaPlatform]
2022-10-11 22:39:12.762  INFO 11436 --- [    Test worker] j.LocalContainerEntityManagerFactoryBean : Initialized JPA EntityManagerFactory for persistence unit 'default'
2022-10-11 22:39:14.147  WARN 11436 --- [    Test worker] JpaBaseConfiguration$JpaWebConfiguration : spring.jpa.open-in-view is enabled by default. Therefore, database queries may be performed during view rendering. Explicitly configure spring.jpa.open-in-view to disable this warning
2022-10-11 22:39:15.829  INFO 11436 --- [    Test worker] c.project.web4.WapWeb4ApplicationTests   : Started WapWeb4ApplicationTests in 7.65 seconds (JVM running for 10.039)
]]></system-out>
  <system-err><![CDATA[]]></system-err>
</testsuite>
